<html>
<body>
<pre>
<h1>Vision Build Log</h1>
<h2>Tool Versions:</h2>
IDE-Version: μVision V5.40.0.0
Copyright (C) 2024 ARM Ltd and ARM Germany GmbH. All rights reserved.
License Information: df df, dff, LIC=9WSKC-7ZRYP-Z9IG9-48KJ6-WNZ0F-6SAIC
 
Tool Versions:
Toolchain:       MDK-ARM Plus  Version: 5.40.0.3
Toolchain Path:  D:\keil\MDK\ARM\ARMCLANG\Bin
C Compiler:      ArmClang.exe V6.22
Assembler:       Armasm.exe V6.22
Linker/Locator:  ArmLink.exe V6.22
Library Manager: ArmAr.exe V6.22
Hex Converter:   FromElf.exe V6.22
CPU DLL:         SARMCM3.DLL V5.40.0.3
Dialog DLL:      DCM.DLL V1.17.5.0
Target DLL:      STLink\ST-LINKIII-KEIL_SWO.dll V3.3.0.0
Dialog DLL:      TCM.DLL V1.56.4.0
 
<h2>Project:</h2>
D:\stmproject\dragonproject\contest\robotwork\TSL1401线性CCD模块附送资料V3.6-2023.10.16\1.模块单独测试代码\2.STM32HAL库代码\STM32F405RGT6线性CCD测试代码-hal\MDK-ARM\STM32F405RGT6-CCD.uvprojx
Project File Date:  03/08/2025

<h2>Output:</h2>
*** Using Compiler 'V6.22', folder: 'D:\keil\MDK\ARM\ARMCLANG\Bin'
Rebuild target 'STM32F405RGT6-CCD'
assembling startup_stm32f405xx.s...
compiling main.c...
compiling stm32f4xx_hal_msp.c...
compiling stm32f4xx_ll_adc.c...
compiling adc.c...
compiling tim.c...
compiling stm32f4xx_it.c...
compiling gpio.c...
compiling stm32f4xx_hal_flash_ramfunc.c...
compiling stm32f4xx_hal_rcc_ex.c...
compiling stm32f4xx_hal_rcc.c...
compiling stm32f4xx_hal_flash_ex.c...
compiling stm32f4xx_hal_flash.c...
compiling stm32f4xx_hal_adc_ex.c...
compiling stm32f4xx_hal_gpio.c...
compiling stm32f4xx_hal_adc.c...
compiling stm32f4xx_hal_pwr.c...
compiling stm32f4xx_hal_dma_ex.c...
compiling stm32f4xx_hal_dma.c...
compiling stm32f4xx_hal_pwr_ex.c...
compiling stm32f4xx_hal.c...
compiling stm32f4xx_hal_cortex.c...
compiling stm32f4xx_hal_exti.c...
compiling system_stm32f4xx.c...
compiling delay.c...
../HARDWARE/sys.c(21): error: expected '(' after 'asm'
   21 | __asm void MSR_MSP(u32 addr) 
      |       ^
../HARDWARE/sys.c(21): error: expected ';' after top-level asm block
   21 | __asm void MSR_MSP(u32 addr) 
      |      ^
      |      ;
../HARDWARE/sys.c(23): error: use of undeclared identifier 'MSR'
   23 |     MSR MSP, r0                         //set Main Stack value
      |     ^
3 errors generated.
compiling sys.c...
compiling tim1.c...
compiling stm32f4xx_hal_tim_ex.c...
compiling stm32f4xx_hal_tim.c...
../HARDWARE/oled.c(204): warning: passing 'char[11]' to parameter of type 'const u8 *' (aka 'const unsigned char *') converts between pointers to integer types where one is of the unique plain 'char' type and the other is not [-Wpointer-sign]
  204 |   OLED_ShowString(00,10,"ZHONG ZHI:");
      |                         ^~~~~~~~~~~~
../HARDWARE/oled.c(148): note: passing argument to parameter 'p' here
  148 | void OLED_ShowString(u8 x,u8 y,const u8 *p)
      |                                          ^
../HARDWARE/oled.c(206): warning: passing 'char[11]' to parameter of type 'const u8 *' (aka 'const unsigned char *') converts between pointers to integer types where one is of the unique plain 'char' type and the other is not [-Wpointer-sign]
  206 |   OLED_ShowString(00,20,"YU    ZHI:");
      |                         ^~~~~~~~~~~~
../HARDWARE/oled.c(148): note: passing argument to parameter 'p' here
  148 | void OLED_ShowString(u8 x,u8 y,const u8 *p)
      |                                          ^
2 warnings generated.
compiling oled.c...
"STM32F405RGT6-CCD\STM32F405RGT6-CCD.axf" - 3 Error(s), 2 Warning(s).

<h2>Software Packages used:</h2>

Package Vendor: ARM
                https://www.keil.com/pack/ARM.CMSIS.6.1.0.pack
                ARM::CMSIS@6.1.0
                CMSIS (Common Microcontroller Software Interface Standard)
   * Component: CORE Version: 6.1.0

Package Vendor: Keil
                https://www.keil.com/pack/Keil.STM32F4xx_DFP.3.0.0.pack
                Keil::STM32F4xx_DFP@3.0.0
                STMicroelectronics STM32F4 Series Device Support

<h2>Collection of Component include folders:</h2>
  ./RTE/_STM32F405RGT6-CCD
  D:/keil/Pack/ARM/CMSIS/6.1.0/CMSIS/Core/Include

<h2>Collection of Component Files used:</h2>

   * Component: ARM::CMSIS:CORE@6.1.0
      Include file:  CMSIS/Core/Include/tz_context.h
Target not created.
Build Time Elapsed:  00:00:01
</pre>
</body>
</html>
