# JRE version: OpenJDK Runtime Environment Temurin-21.0.3+9 (21.0.3+9) (build 21.0.3+9-LTS)
# Java VM: OpenJDK 64-Bit Server VM Temurin-21.0.3+9 (21.0.3+9-LTS, mixed mode, tiered, compressed oops, compressed class ptrs, g1 gc, windows-amd64)
GC Precious Log:
 CardTable entry size: 512
 Card Set container configuration: InlinePtr #cards 4 size 8 Array Of Cards #cards 32 size 80 Howl #buckets 8 coarsen threshold 7372 Howl Bitmap #cards 1024 size 144 coarsen threshold 921 Card regions per heap region 1 cards per card region 8192
 CPUs: 20 total, 20 available
 Memory: 32491M
 Large Page Support: Disabled
 NUMA Support: Disabled
 Compressed Oops: Enabled (Zero based)
 Heap Region Size: 4M
 Heap Min Capacity: 8M
 Heap Initial Capacity: 508M
 Heap Max Capacity: 8124M
 Pre-touch: Disabled
 Parallel Workers: 15
 Concurrent Workers: 4
 Concurrent Refinement Workers: 15
 Periodic GC: Disabled
Heap:
 garbage-first heap   total 458752K, used 219602K [0x0000000604400000, 0x0000000800000000)
  region size 4096K, 23 young (94208K), 5 survivors (20480K)
 Metaspace       used 91605K, committed 92800K, reserved 1179648K
  class space    used 10003K, committed 10560K, reserved 1048576K
GC Heap History (20 events):
Event: 6.057 GC heap before
{Heap before GC invocations=18 (full 0):
 garbage-first heap   total 315392K, used 266858K [0x0000000604400000, 0x0000000800000000)
  region size 4096K, 42 young (172032K), 6 survivors (24576K)
 Metaspace       used 84401K, committed 85440K, reserved 1179648K
  class space    used 9326K, committed 9792K, reserved 1048576K
}
Event: 6.060 GC heap after
{Heap after GC invocations=19 (full 0):
 garbage-first heap   total 315392K, used 108928K [0x0000000604400000, 0x0000000800000000)
  region size 4096K, 2 young (8192K), 2 survivors (8192K)
 Metaspace       used 84401K, committed 85440K, reserved 1179648K
  class space    used 9326K, committed 9792K, reserved 1048576K
}
Event: 6.290 GC heap before
{Heap before GC invocations=19 (full 0):
 garbage-first heap   total 315392K, used 272768K [0x0000000604400000, 0x0000000800000000)
  region size 4096K, 42 young (172032K), 2 survivors (8192K)
 Metaspace       used 85207K, committed 86272K, reserved 1179648K
  class space    used 9389K, committed 9856K, reserved 1048576K
}
Event: 6.294 GC heap after
{Heap after GC invocations=20 (full 0):
 garbage-first heap   total 315392K, used 119585K [0x0000000604400000, 0x0000000800000000)
  region size 4096K, 4 young (16384K), 4 survivors (16384K)
 Metaspace       used 85207K, committed 86272K, reserved 1179648K
  class space    used 9389K, committed 9856K, reserved 1048576K
}
Event: 6.892 GC heap before
{Heap before GC invocations=20 (full 0):
 garbage-first heap   total 315392K, used 291617K [0x0000000604400000, 0x0000000800000000)
  region size 4096K, 42 young (172032K), 4 survivors (16384K)
 Metaspace       used 90426K, committed 91520K, reserved 1179648K
  class space    used 9941K, committed 10432K, reserved 1048576K
}
Event: 6.896 GC heap after
{Heap after GC invocations=21 (full 0):
 garbage-first heap   total 380928K, used 134087K [0x0000000604400000, 0x0000000800000000)
  region size 4096K, 2 young (8192K), 2 survivors (8192K)
 Metaspace       used 90426K, committed 91520K, reserved 1179648K
  class space    used 9941K, committed 10432K, reserved 1048576K
}
Event: 7.161 GC heap before
{Heap before GC invocations=21 (full 0):
 garbage-first heap   total 380928K, used 342983K [0x0000000604400000, 0x0000000800000000)
  region size 4096K, 53 young (217088K), 2 survivors (8192K)
 Metaspace       used 90759K, committed 91840K, reserved 1179648K
  class space    used 9953K, committed 10432K, reserved 1048576K
}
Event: 7.164 GC heap after
{Heap after GC invocations=22 (full 0):
 garbage-first heap   total 380928K, used 137671K [0x0000000604400000, 0x0000000800000000)
  region size 4096K, 3 young (12288K), 3 survivors (12288K)
 Metaspace       used 90759K, committed 91840K, reserved 1179648K
  class space    used 9953K, committed 10432K, reserved 1048576K
}
Event: 7.312 GC heap before
{Heap before GC invocations=22 (full 0):
 garbage-first heap   total 380928K, used 338375K [0x0000000604400000, 0x0000000800000000)
  region size 4096K, 52 young (212992K), 3 survivors (12288K)
 Metaspace       used 90800K, committed 91904K, reserved 1179648K
  class space    used 9953K, committed 10432K, reserved 1048576K
}
Event: 7.314 GC heap after
{Heap after GC invocations=23 (full 0):
 garbage-first heap   total 380928K, used 140623K [0x0000000604400000, 0x0000000800000000)
  region size 4096K, 3 young (12288K), 3 survivors (12288K)
 Metaspace       used 90800K, committed 91904K, reserved 1179648K
  class space    used 9953K, committed 10432K, reserved 1048576K
}
Event: 7.429 GC heap before
{Heap before GC invocations=23 (full 0):
 garbage-first heap   total 380928K, used 341327K [0x0000000604400000, 0x0000000800000000)
  region size 4096K, 52 young (212992K), 3 survivors (12288K)
 Metaspace       used 90810K, committed 91904K, reserved 1179648K
  class space    used 9953K, committed 10432K, reserved 1048576K
}
Event: 7.432 GC heap after
{Heap after GC invocations=24 (full 0):
 garbage-first heap   total 380928K, used 143044K [0x0000000604400000, 0x0000000800000000)
  region size 4096K, 4 young (16384K), 4 survivors (16384K)
 Metaspace       used 90810K, committed 91904K, reserved 1179648K
  class space    used 9953K, committed 10432K, reserved 1048576K
}
Event: 7.541 GC heap before
{Heap before GC invocations=24 (full 0):
 garbage-first heap   total 380928K, used 335556K [0x0000000604400000, 0x0000000800000000)
  region size 4096K, 51 young (208896K), 4 survivors (16384K)
 Metaspace       used 90810K, committed 91904K, reserved 1179648K
  class space    used 9953K, committed 10432K, reserved 1048576K
}
Event: 7.544 GC heap after
{Heap after GC invocations=25 (full 0):
 garbage-first heap   total 380928K, used 144676K [0x0000000604400000, 0x0000000800000000)
  region size 4096K, 4 young (16384K), 4 survivors (16384K)
 Metaspace       used 90810K, committed 91904K, reserved 1179648K
  class space    used 9953K, committed 10432K, reserved 1048576K
}
Event: 7.630 GC heap before
{Heap before GC invocations=25 (full 0):
 garbage-first heap   total 380928K, used 337188K [0x0000000604400000, 0x0000000800000000)
  region size 4096K, 51 young (208896K), 4 survivors (16384K)
 Metaspace       used 90814K, committed 91904K, reserved 1179648K
  class space    used 9953K, committed 10432K, reserved 1048576K
}
Event: 7.633 GC heap after
{Heap after GC invocations=26 (full 0):
 garbage-first heap   total 380928K, used 146706K [0x0000000604400000, 0x0000000800000000)
  region size 4096K, 4 young (16384K), 4 survivors (16384K)
 Metaspace       used 90814K, committed 91904K, reserved 1179648K
  class space    used 9953K, committed 10432K, reserved 1048576K
}
Event: 7.695 GC heap before
{Heap before GC invocations=26 (full 0):
 garbage-first heap   total 380928K, used 335122K [0x0000000604400000, 0x0000000800000000)
  region size 4096K, 50 young (204800K), 4 survivors (16384K)
 Metaspace       used 90828K, committed 91904K, reserved 1179648K
  class space    used 9953K, committed 10432K, reserved 1048576K
}
Event: 7.697 GC heap after
{Heap after GC invocations=27 (full 0):
 garbage-first heap   total 458752K, used 147052K [0x0000000604400000, 0x0000000800000000)
  region size 4096K, 4 young (16384K), 4 survivors (16384K)
 Metaspace       used 90828K, committed 91904K, reserved 1179648K
  class space    used 9953K, committed 10432K, reserved 1048576K
}
Event: 7.938 GC heap before
{Heap before GC invocations=27 (full 0):
 garbage-first heap   total 458752K, used 405100K [0x0000000604400000, 0x0000000800000000)
  region size 4096K, 67 young (274432K), 4 survivors (16384K)
 Metaspace       used 91428K, committed 92480K, reserved 1179648K
  class space    used 9991K, committed 10432K, reserved 1048576K
}
Event: 7.942 GC heap after
{Heap after GC invocations=28 (full 0):
 garbage-first heap   total 458752K, used 149970K [0x0000000604400000, 0x0000000800000000)
  region size 4096K, 5 young (20480K), 5 survivors (20480K)
 Metaspace       used 91428K, committed 92480K, reserved 1179648K
  class space    used 9991K, committed 10432K, reserved 1048576K
}

